  D:freeglut.dll
  D:glew32.dll
  D:glew32s.dll
  3 File(s) copied
  D:glfw3.dll
  D:glfw3dll.dll
  D:glfw3_mt.dll
  3 File(s) copied
  D:SOIL.dll
  1 File(s) copied
  main.cpp
D:\code\gc\repos\Proiect3d\Proiect3d\main.cpp(17,12): warning C4305: 'initializing': truncation from 'double' to 'GLfloat'
D:\code\gc\repos\Proiect3d\Proiect3d\main.cpp(17,22): warning C4305: 'initializing': truncation from 'double' to 'GLfloat'
D:\code\gc\repos\Proiect3d\Proiect3d\main.cpp(17,32): warning C4305: 'initializing': truncation from 'double' to 'GLfloat'
D:\code\gc\repos\Proiect3d\Proiect3d\main.cpp(24,20): warning C4305: 'initializing': truncation from 'double' to 'GLfloat'
D:\code\gc\repos\Proiect3d\Proiect3d\main.cpp(24,24): warning C4305: 'initializing': truncation from 'double' to 'GLfloat'
D:\code\gc\repos\Proiect3d\Proiect3d\main.cpp(24,28): warning C4305: 'initializing': truncation from 'double' to 'GLfloat'
D:\code\gc\repos\Proiect3d\Proiect3d\main.cpp(26,33): warning C4305: 'initializing': truncation from 'double' to 'GLfloat'
D:\code\gc\repos\Proiect3d\Proiect3d\main.cpp(27,26): warning C4305: 'initializing': truncation from 'double' to 'GLfloat'
D:\code\gc\repos\Proiect3d\Proiect3d\main.cpp(28,19): warning C4305: 'initializing': truncation from 'double' to 'GLfloat'
D:\code\gc\repos\Proiect3d\Proiect3d\main.cpp(28,27): warning C4305: 'initializing': truncation from 'double' to 'GLfloat'
D:\code\gc\repos\Proiect3d\Proiect3d\main.cpp(28,38): warning C4305: 'initializing': truncation from 'double' to 'GLfloat'
D:\code\gc\repos\Proiect3d\Proiect3d\main.cpp(28,43): warning C4305: 'initializing': truncation from 'double' to 'GLfloat'
D:\code\gc\repos\Proiect3d\Proiect3d\main.cpp(28,52): warning C4305: 'initializing': truncation from 'double' to 'GLfloat'
D:\code\gc\repos\Proiect3d\Proiect3d\main.cpp(28,57): warning C4305: 'initializing': truncation from 'double' to 'GLfloat'
D:\code\gc\repos\Proiect3d\Proiect3d\main.cpp(56,25): warning C4305: 'argument': truncation from 'double' to 'GLfloat'
D:\code\gc\repos\Proiect3d\Proiect3d\main.cpp(56,15): warning C4305: 'argument': truncation from 'double' to 'GLfloat'
D:\code\gc\repos\Proiect3d\Proiect3d\main.cpp(60,25): warning C4305: 'argument': truncation from 'double' to 'GLfloat'
D:\code\gc\repos\Proiect3d\Proiect3d\main.cpp(60,20): warning C4305: 'argument': truncation from 'double' to 'GLfloat'
D:\code\gc\repos\Proiect3d\Proiect3d\main.cpp(60,15): warning C4305: 'argument': truncation from 'double' to 'GLfloat'
D:\code\gc\repos\Proiect3d\Proiect3d\main.cpp(105,15): warning C4305: 'argument': truncation from 'double' to 'GLfloat'
D:\code\gc\repos\Proiect3d\Proiect3d\main.cpp(113,24): warning C4305: 'argument': truncation from 'double' to 'GLfloat'
D:\code\gc\repos\Proiect3d\Proiect3d\main.cpp(113,19): warning C4305: 'argument': truncation from 'double' to 'GLfloat'
D:\code\gc\repos\Proiect3d\Proiect3d\main.cpp(113,14): warning C4305: 'argument': truncation from 'double' to 'GLfloat'
D:\code\gc\repos\Proiect3d\Proiect3d\main.cpp(117,20): warning C4305: 'argument': truncation from 'double' to 'GLfloat'
D:\code\gc\repos\Proiect3d\Proiect3d\main.cpp(118,26): warning C4305: 'argument': truncation from 'double' to 'GLfloat'
D:\code\gc\repos\Proiect3d\Proiect3d\main.cpp(118,20): warning C4305: 'argument': truncation from 'double' to 'GLfloat'
D:\code\gc\repos\Proiect3d\Proiect3d\main.cpp(118,14): warning C4305: 'argument': truncation from 'double' to 'GLfloat'
D:\code\gc\repos\Proiect3d\Proiect3d\main.cpp(125,20): warning C4305: 'argument': truncation from 'double' to 'GLfloat'
D:\code\gc\repos\Proiect3d\Proiect3d\main.cpp(125,15): warning C4305: 'argument': truncation from 'double' to 'GLfloat'
D:\code\gc\repos\Proiect3d\Proiect3d\main.cpp(126,24): warning C4305: 'argument': truncation from 'double' to 'GLfloat'
D:\code\gc\repos\Proiect3d\Proiect3d\main.cpp(126,19): warning C4305: 'argument': truncation from 'double' to 'GLfloat'
D:\code\gc\repos\Proiect3d\Proiect3d\main.cpp(126,14): warning C4305: 'argument': truncation from 'double' to 'GLfloat'
D:\code\gc\repos\Proiect3d\Proiect3d\main.cpp(133,25): warning C4305: 'argument': truncation from 'double' to 'GLfloat'
D:\code\gc\repos\Proiect3d\Proiect3d\main.cpp(133,20): warning C4305: 'argument': truncation from 'double' to 'GLfloat'
D:\code\gc\repos\Proiect3d\Proiect3d\main.cpp(134,26): warning C4305: 'argument': truncation from 'double' to 'GLfloat'
D:\code\gc\repos\Proiect3d\Proiect3d\main.cpp(134,20): warning C4305: 'argument': truncation from 'double' to 'GLfloat'
D:\code\gc\repos\Proiect3d\Proiect3d\main.cpp(134,14): warning C4305: 'argument': truncation from 'double' to 'GLfloat'
D:\code\gc\repos\Proiect3d\Proiect3d\main.cpp(137,36): warning C4305: 'argument': truncation from 'double' to 'GLfloat'
D:\code\gc\repos\Proiect3d\Proiect3d\main.cpp(137,31): warning C4305: 'argument': truncation from 'double' to 'GLfloat'
D:\code\gc\repos\Proiect3d\Proiect3d\main.cpp(138,18): warning C4305: 'argument': truncation from 'double' to 'GLfloat'
D:\code\gc\repos\Proiect3d\Proiect3d\main.cpp(148,27): warning C4305: 'argument': truncation from 'double' to 'GLfloat'
D:\code\gc\repos\Proiect3d\Proiect3d\main.cpp(148,21): warning C4305: 'argument': truncation from 'double' to 'GLfloat'
D:\code\gc\repos\Proiect3d\Proiect3d\main.cpp(148,15): warning C4305: 'argument': truncation from 'double' to 'GLfloat'
D:\code\gc\repos\Proiect3d\Proiect3d\main.cpp(149,26): warning C4305: 'argument': truncation from 'double' to 'GLfloat'
D:\code\gc\repos\Proiect3d\Proiect3d\main.cpp(149,20): warning C4305: 'argument': truncation from 'double' to 'GLfloat'
D:\code\gc\repos\Proiect3d\Proiect3d\main.cpp(149,14): warning C4305: 'argument': truncation from 'double' to 'GLfloat'
D:\code\gc\repos\Proiect3d\Proiect3d\main.cpp(154,27): warning C4305: 'argument': truncation from 'double' to 'GLfloat'
D:\code\gc\repos\Proiect3d\Proiect3d\main.cpp(154,21): warning C4305: 'argument': truncation from 'double' to 'GLfloat'
D:\code\gc\repos\Proiect3d\Proiect3d\main.cpp(154,15): warning C4305: 'argument': truncation from 'double' to 'GLfloat'
D:\code\gc\repos\Proiect3d\Proiect3d\main.cpp(157,22): warning C4305: 'initializing': truncation from 'double' to 'float'
D:\code\gc\repos\Proiect3d\Proiect3d\main.cpp(157,26): warning C4305: 'initializing': truncation from 'double' to 'float'
D:\code\gc\repos\Proiect3d\Proiect3d\main.cpp(157,30): warning C4305: 'initializing': truncation from 'double' to 'float'
D:\code\gc\repos\Proiect3d\Proiect3d\main.cpp(157,35): warning C4305: 'initializing': truncation from 'double' to 'float'
D:\code\gc\repos\Proiect3d\Proiect3d\main.cpp(160,35): warning C4305: '-=': truncation from 'double' to 'float'
D:\code\gc\repos\Proiect3d\Proiect3d\main.cpp(179,20): warning C4305: 'argument': truncation from 'double' to 'GLfloat'
D:\code\gc\repos\Proiect3d\Proiect3d\main.cpp(179,15): warning C4305: 'argument': truncation from 'double' to 'GLfloat'
D:\code\gc\repos\Proiect3d\Proiect3d\main.cpp(184,26): warning C4305: 'argument': truncation from 'double' to 'GLfloat'
D:\code\gc\repos\Proiect3d\Proiect3d\main.cpp(186,24): warning C4305: 'argument': truncation from 'double' to 'GLfloat'
D:\code\gc\repos\Proiect3d\Proiect3d\main.cpp(186,19): warning C4305: 'argument': truncation from 'double' to 'GLfloat'
D:\code\gc\repos\Proiect3d\Proiect3d\main.cpp(186,14): warning C4305: 'argument': truncation from 'double' to 'GLfloat'
D:\code\gc\repos\Proiect3d\Proiect3d\main.cpp(194,15): warning C4305: 'argument': truncation from 'double' to 'GLfloat'
D:\code\gc\repos\Proiect3d\Proiect3d\main.cpp(195,24): warning C4305: 'argument': truncation from 'double' to 'GLfloat'
D:\code\gc\repos\Proiect3d\Proiect3d\main.cpp(195,19): warning C4305: 'argument': truncation from 'double' to 'GLfloat'
D:\code\gc\repos\Proiect3d\Proiect3d\main.cpp(195,14): warning C4305: 'argument': truncation from 'double' to 'GLfloat'
D:\code\gc\repos\Proiect3d\Proiect3d\main.cpp(201,24): warning C4305: 'argument': truncation from 'double' to 'GLfloat'
D:\code\gc\repos\Proiect3d\Proiect3d\main.cpp(201,19): warning C4305: 'argument': truncation from 'double' to 'GLfloat'
D:\code\gc\repos\Proiect3d\Proiect3d\main.cpp(201,14): warning C4305: 'argument': truncation from 'double' to 'GLfloat'
D:\code\gc\repos\Proiect3d\Proiect3d\main.cpp(218,18): warning C4305: 'argument': truncation from 'double' to 'GLfloat'
D:\code\gc\repos\Proiect3d\Proiect3d\main.cpp(219,25): warning C4305: 'argument': truncation from 'double' to 'GLfloat'
D:\code\gc\repos\Proiect3d\Proiect3d\main.cpp(220,26): warning C4305: 'argument': truncation from 'double' to 'GLfloat'
D:\code\gc\repos\Proiect3d\Proiect3d\main.cpp(220,20): warning C4305: 'argument': truncation from 'double' to 'GLfloat'
D:\code\gc\repos\Proiect3d\Proiect3d\main.cpp(220,14): warning C4305: 'argument': truncation from 'double' to 'GLfloat'
D:\code\gc\repos\Proiect3d\Proiect3d\main.cpp(226,19): warning C4305: 'argument': truncation from 'double' to 'GLfloat'
D:\code\gc\repos\Proiect3d\Proiect3d\main.cpp(227,25): warning C4305: 'argument': truncation from 'double' to 'GLfloat'
D:\code\gc\repos\Proiect3d\Proiect3d\main.cpp(228,24): warning C4305: 'argument': truncation from 'double' to 'GLfloat'
D:\code\gc\repos\Proiect3d\Proiect3d\main.cpp(228,19): warning C4305: 'argument': truncation from 'double' to 'GLfloat'
D:\code\gc\repos\Proiect3d\Proiect3d\main.cpp(228,14): warning C4305: 'argument': truncation from 'double' to 'GLfloat'
D:\code\gc\repos\Proiect3d\Proiect3d\main.cpp(241,21): warning C4305: '-=': truncation from 'double' to 'GLfloat'
D:\code\gc\repos\Proiect3d\Proiect3d\main.cpp(241,34): warning C4305: '-=': truncation from 'double' to 'GLfloat'
D:\code\gc\repos\Proiect3d\Proiect3d\main.cpp(241,47): warning C4305: '-=': truncation from 'double' to 'GLfloat'
D:\code\gc\repos\Proiect3d\Proiect3d\main.cpp(243,24): warning C4305: '+=': truncation from 'double' to 'GLfloat'
D:\code\gc\repos\Proiect3d\Proiect3d\main.cpp(243,37): warning C4305: '+=': truncation from 'double' to 'GLfloat'
D:\code\gc\repos\Proiect3d\Proiect3d\main.cpp(243,50): warning C4305: '+=': truncation from 'double' to 'GLfloat'
D:\code\gc\repos\Proiect3d\Proiect3d\main.cpp(250,22): warning C4305: '+=': truncation from 'double' to 'float'
D:\code\gc\repos\Proiect3d\Proiect3d\main.cpp(258,22): warning C4305: '+=': truncation from 'double' to 'float'
D:\code\gc\repos\Proiect3d\Proiect3d\main.cpp(266,24): warning C4305: '+=': truncation from 'double' to 'float'
D:\code\gc\repos\Proiect3d\Proiect3d\main.cpp(270,23): warning C4305: '+=': truncation from 'double' to 'float'
D:\code\gc\repos\Proiect3d\Proiect3d\main.cpp(276,24): warning C4305: '+=': truncation from 'double' to 'float'
D:\code\gc\repos\Proiect3d\Proiect3d\main.cpp(282,25): warning C4305: '+=': truncation from 'double' to 'float'
D:\code\gc\repos\Proiect3d\Proiect3d\main.cpp(288,26): warning C4305: '+=': truncation from 'double' to 'float'
  Proiect3d.vcxproj -> D:\code\gc\repos\Proiect3d\x64\Debug\Proiect3d.exe
  0 File(s) copied
  0 File(s) copied
  0 File(s) copied
